<?xml version="1.0" encoding="UTF-8"?>
<testng-results skipped="0" failed="0" ignored="0" total="0" passed="0">
  <reporter-output>
  </reporter-output>
  <suite name="com.pract.TestPract" duration-ms="5" started-at="2017-03-31T10:18:19Z" finished-at="2017-03-31T10:18:19Z">
    <groups>
    </groups>
    <test name="Command line test" duration-ms="5" started-at="2017-03-31T10:18:19Z" finished-at="2017-03-31T10:18:19Z">
    </test> <!-- Command line test -->
  </suite> <!-- com.pract.TestPract -->
</testng-results>
