<?xml version="1.0" encoding="UTF-8"?>
<testng-results skipped="0" failed="0" total="1" passed="1">
  <reporter-output>
  </reporter-output>
  <suite name="Default suite" duration-ms="6092" started-at="2017-03-06T14:19:03Z" finished-at="2017-03-06T14:19:09Z">
    <groups>
    </groups>
    <test name="Default test" duration-ms="6092" started-at="2017-03-06T14:19:03Z" finished-at="2017-03-06T14:19:09Z">
      <class name="com.pract.TestPract">
        <test-method status="PASS" signature="testChar()[pri:0, instance:com.pract.TestPract@271053e1]" name="testChar" duration-ms="6065" started-at="2017-03-06T19:49:03Z" finished-at="2017-03-06T19:49:09Z">
          <reporter-output>
          </reporter-output>
        </test-method> <!-- testChar -->
      </class> <!-- com.pract.TestPract -->
    </test> <!-- Default test -->
  </suite> <!-- Default suite -->
</testng-results>
